2023-05-04 08:17:26.061  INFO 12032 --- [restartedMain] com.rbp.movieapp.MovieappApplication     : Starting MovieappApplication using Java 18.0.1.1 on DESKTOP-OQAOI44 with PID 12032 (F:\FSE-1\movieapp\target\classes started by sai in F:\FSE-1\movieapp)
2023-05-04 08:17:26.082 DEBUG 12032 --- [restartedMain] com.rbp.movieapp.MovieappApplication     : Running with Spring Boot v2.7.10, Spring v5.3.26
2023-05-04 08:17:26.090  INFO 12032 --- [restartedMain] com.rbp.movieapp.MovieappApplication     : No active profile set, falling back to 1 default profile: "default"
2023-05-04 08:17:26.270  INFO 12032 --- [restartedMain] .e.DevToolsPropertyDefaultsPostProcessor : Devtools property defaults active! Set 'spring.devtools.add-properties' to 'false' to disable
2023-05-04 08:17:26.272  INFO 12032 --- [restartedMain] .e.DevToolsPropertyDefaultsPostProcessor : For additional web related logging consider setting the 'logging.level.web' property to 'DEBUG'
2023-05-04 08:17:29.368  INFO 12032 --- [restartedMain] .s.d.r.c.RepositoryConfigurationDelegate : Bootstrapping Spring Data MongoDB repositories in DEFAULT mode.
2023-05-04 08:17:29.500  INFO 12032 --- [restartedMain] .s.d.r.c.RepositoryConfigurationDelegate : Finished Spring Data repository scanning in 121 ms. Found 4 MongoDB repository interfaces.
2023-05-04 08:17:32.290  INFO 12032 --- [restartedMain] o.s.b.w.embedded.tomcat.TomcatWebServer  : Tomcat initialized with port(s): 8080 (http)
2023-05-04 08:17:32.316  INFO 12032 --- [restartedMain] o.apache.catalina.core.StandardService   : Starting service [Tomcat]
2023-05-04 08:17:32.318  INFO 12032 --- [restartedMain] org.apache.catalina.core.StandardEngine  : Starting Servlet engine: [Apache Tomcat/9.0.73]
2023-05-04 08:17:32.611  INFO 12032 --- [restartedMain] o.a.c.c.C.[Tomcat].[localhost].[/]       : Initializing Spring embedded WebApplicationContext
2023-05-04 08:17:32.612  INFO 12032 --- [restartedMain] w.s.c.ServletWebServerApplicationContext : Root WebApplicationContext: initialization completed in 6338 ms
2023-05-04 08:17:33.477  INFO 12032 --- [restartedMain] org.mongodb.driver.client                : MongoClient with metadata {"driver": {"name": "mongo-java-driver|sync|spring-boot", "version": "4.6.1"}, "os": {"type": "Windows", "name": "Windows 10", "architecture": "amd64", "version": "10.0"}, "platform": "Java/Oracle Corporation/18.0.1.1+2-6"} created with settings MongoClientSettings{readPreference=primary, writeConcern=WriteConcern{w=null, wTimeout=null ms, journal=null}, retryWrites=true, retryReads=true, readConcern=ReadConcern{level=null}, credential=null, streamFactoryFactory=null, commandListeners=[io.micrometer.core.instrument.binder.mongodb.MongoMetricsCommandListener@6aad98aa], codecRegistry=ProvidersCodecRegistry{codecProviders=[ValueCodecProvider{}, BsonValueCodecProvider{}, DBRefCodecProvider{}, DBObjectCodecProvider{}, DocumentCodecProvider{}, IterableCodecProvider{}, MapCodecProvider{}, GeoJsonCodecProvider{}, GridFSFileCodecProvider{}, Jsr310CodecProvider{}, JsonObjectCodecProvider{}, BsonCodecProvider{}, EnumCodecProvider{}, com.mongodb.Jep395RecordCodecProvider@337dcd48]}, clusterSettings={hosts=[localhost:27017], srvServiceName=mongodb, mode=SINGLE, requiredClusterType=UNKNOWN, requiredReplicaSetName='null', serverSelector='null', clusterListeners='[]', serverSelectionTimeout='30000 ms', localThreshold='30000 ms'}, socketSettings=SocketSettings{connectTimeoutMS=10000, readTimeoutMS=0, receiveBufferSize=0, sendBufferSize=0}, heartbeatSocketSettings=SocketSettings{connectTimeoutMS=10000, readTimeoutMS=10000, receiveBufferSize=0, sendBufferSize=0}, connectionPoolSettings=ConnectionPoolSettings{maxSize=100, minSize=0, maxWaitTimeMS=120000, maxConnectionLifeTimeMS=0, maxConnectionIdleTimeMS=0, maintenanceInitialDelayMS=0, maintenanceFrequencyMS=60000, connectionPoolListeners=[io.micrometer.core.instrument.binder.mongodb.MongoMetricsConnectionPoolListener@287e4c06], maxConnecting=2}, serverSettings=ServerSettings{heartbeatFrequencyMS=10000, minHeartbeatFrequencyMS=500, serverListeners='[]', serverMonitorListeners='[]'}, sslSettings=SslSettings{enabled=false, invalidHostNameAllowed=false, context=null}, applicationName='null', compressorList=[], uuidRepresentation=JAVA_LEGACY, serverApi=null, autoEncryptionSettings=null, contextProvider=null}
2023-05-04 08:17:33.530  INFO 12032 --- [cluster-rtt-ClusterId{value='64531cc56c8c2d0aaf1d6f41', description='null'}-localhost:27017] org.mongodb.driver.connection            : Opened connection [connectionId{localValue:1, serverValue:37}] to localhost:27017
2023-05-04 08:17:33.531  INFO 12032 --- [cluster-ClusterId{value='64531cc56c8c2d0aaf1d6f41', description='null'}-localhost:27017] org.mongodb.driver.connection            : Opened connection [connectionId{localValue:2, serverValue:38}] to localhost:27017
2023-05-04 08:17:33.532  INFO 12032 --- [cluster-ClusterId{value='64531cc56c8c2d0aaf1d6f41', description='null'}-localhost:27017] org.mongodb.driver.cluster               : Monitor thread successfully connected to server with description ServerDescription{address=localhost:27017, type=STANDALONE, state=CONNECTED, ok=true, minWireVersion=0, maxWireVersion=17, maxDocumentSize=16777216, logicalSessionTimeoutMinutes=30, roundTripTimeNanos=76880500}
2023-05-04 08:17:34.521 DEBUG 12032 --- [restartedMain] c.r.m.security.jwt.AuthTokenFilter       : Filter 'authenticationJwtTokenFilter' configured for use
2023-05-04 08:17:34.567  INFO 12032 --- [restartedMain] o.s.b.d.a.OptionalLiveReloadServer       : LiveReload server is running on port 35729
2023-05-04 08:17:38.064  INFO 12032 --- [restartedMain] o.s.b.a.e.web.EndpointLinksResolver      : Exposing 14 endpoint(s) beneath base path '/actuator'
2023-05-04 08:17:38.138  INFO 12032 --- [restartedMain] o.s.s.web.DefaultSecurityFilterChain     : Will secure any request with [org.springframework.security.web.session.DisableEncodeUrlFilter@2e9d8cb5, org.springframework.security.web.context.request.async.WebAsyncManagerIntegrationFilter@59f9c256, org.springframework.security.web.context.SecurityContextPersistenceFilter@77b82be2, org.springframework.security.web.header.HeaderWriterFilter@460ae4a6, org.springframework.web.filter.CorsFilter@5ba62b76, org.springframework.security.web.authentication.logout.LogoutFilter@358aa7f0, com.rbp.movieapp.security.jwt.AuthTokenFilter@4d9119b4, org.springframework.security.web.savedrequest.RequestCacheAwareFilter@38edb26d, org.springframework.security.web.servletapi.SecurityContextHolderAwareRequestFilter@3134af67, org.springframework.security.web.authentication.AnonymousAuthenticationFilter@2fb71cc7, org.springframework.security.web.session.SessionManagementFilter@3c9306dd, org.springframework.security.web.access.ExceptionTranslationFilter@6aca7f22, org.springframework.security.web.access.intercept.FilterSecurityInterceptor@74389243]
2023-05-04 08:17:38.905  INFO 12032 --- [restartedMain] o.a.k.clients.admin.AdminClientConfig    : AdminClientConfig values: 
	bootstrap.servers = [localhost:9092]
	client.dns.lookup = use_all_dns_ips
	client.id = 
	connections.max.idle.ms = 300000
	default.api.timeout.ms = 60000
	metadata.max.age.ms = 300000
	metric.reporters = []
	metrics.num.samples = 2
	metrics.recording.level = INFO
	metrics.sample.window.ms = 30000
	receive.buffer.bytes = 65536
	reconnect.backoff.max.ms = 1000
	reconnect.backoff.ms = 50
	request.timeout.ms = 30000
	retries = 2147483647
	retry.backoff.ms = 100
	sasl.client.callback.handler.class = null
	sasl.jaas.config = null
	sasl.kerberos.kinit.cmd = /usr/bin/kinit
	sasl.kerberos.min.time.before.relogin = 60000
	sasl.kerberos.service.name = null
	sasl.kerberos.ticket.renew.jitter = 0.05
	sasl.kerberos.ticket.renew.window.factor = 0.8
	sasl.login.callback.handler.class = null
	sasl.login.class = null
	sasl.login.connect.timeout.ms = null
	sasl.login.read.timeout.ms = null
	sasl.login.refresh.buffer.seconds = 300
	sasl.login.refresh.min.period.seconds = 60
	sasl.login.refresh.window.factor = 0.8
	sasl.login.refresh.window.jitter = 0.05
	sasl.login.retry.backoff.max.ms = 10000
	sasl.login.retry.backoff.ms = 100
	sasl.mechanism = GSSAPI
	sasl.oauthbearer.clock.skew.seconds = 30
	sasl.oauthbearer.expected.audience = null
	sasl.oauthbearer.expected.issuer = null
	sasl.oauthbearer.jwks.endpoint.refresh.ms = 3600000
	sasl.oauthbearer.jwks.endpoint.retry.backoff.max.ms = 10000
	sasl.oauthbearer.jwks.endpoint.retry.backoff.ms = 100
	sasl.oauthbearer.jwks.endpoint.url = null
	sasl.oauthbearer.scope.claim.name = scope
	sasl.oauthbearer.sub.claim.name = sub
	sasl.oauthbearer.token.endpoint.url = null
	security.protocol = PLAINTEXT
	security.providers = null
	send.buffer.bytes = 131072
	socket.connection.setup.timeout.max.ms = 30000
	socket.connection.setup.timeout.ms = 10000
	ssl.cipher.suites = null
	ssl.enabled.protocols = [TLSv1.2, TLSv1.3]
	ssl.endpoint.identification.algorithm = https
	ssl.engine.factory.class = null
	ssl.key.password = null
	ssl.keymanager.algorithm = SunX509
	ssl.keystore.certificate.chain = null
	ssl.keystore.key = null
	ssl.keystore.location = null
	ssl.keystore.password = null
	ssl.keystore.type = JKS
	ssl.protocol = TLSv1.3
	ssl.provider = null
	ssl.secure.random.implementation = null
	ssl.trustmanager.algorithm = PKIX
	ssl.truststore.certificates = null
	ssl.truststore.location = null
	ssl.truststore.password = null
	ssl.truststore.type = JKS

2023-05-04 08:17:39.140  INFO 12032 --- [restartedMain] o.a.kafka.common.utils.AppInfoParser     : Kafka version: 3.1.2
2023-05-04 08:17:39.145  INFO 12032 --- [restartedMain] o.a.kafka.common.utils.AppInfoParser     : Kafka commitId: f8c67dc3ae0a3265
2023-05-04 08:17:39.148  INFO 12032 --- [restartedMain] o.a.kafka.common.utils.AppInfoParser     : Kafka startTimeMs: 1683168459137
2023-05-04 08:17:40.377  INFO 12032 --- [kafka-admin-client-thread | adminclient-1] o.a.kafka.common.utils.AppInfoParser     : App info kafka.admin.client for adminclient-1 unregistered
2023-05-04 08:17:40.385  INFO 12032 --- [kafka-admin-client-thread | adminclient-1] org.apache.kafka.common.metrics.Metrics  : Metrics scheduler closed
2023-05-04 08:17:40.386  INFO 12032 --- [kafka-admin-client-thread | adminclient-1] org.apache.kafka.common.metrics.Metrics  : Closing reporter org.apache.kafka.common.metrics.JmxReporter
2023-05-04 08:17:40.387  INFO 12032 --- [kafka-admin-client-thread | adminclient-1] org.apache.kafka.common.metrics.Metrics  : Metrics reporters closed
2023-05-04 08:17:40.435  INFO 12032 --- [restartedMain] o.s.b.w.embedded.tomcat.TomcatWebServer  : Tomcat started on port(s): 8080 (http) with context path ''
2023-05-04 08:17:40.464  INFO 12032 --- [restartedMain] com.rbp.movieapp.MovieappApplication     : Started MovieappApplication in 16.246 seconds (JVM running for 17.801)
2023-05-04 08:17:40.520  INFO 12032 --- [restartedMain] org.mongodb.driver.connection            : Opened connection [connectionId{localValue:3, serverValue:39}] to localhost:27017
2023-05-04 08:17:59.415  INFO 12032 --- [http-nio-8080-exec-1] o.a.c.c.C.[Tomcat].[localhost].[/]       : Initializing Spring DispatcherServlet 'dispatcherServlet'
2023-05-04 08:17:59.415  INFO 12032 --- [http-nio-8080-exec-1] o.s.web.servlet.DispatcherServlet        : Initializing Servlet 'dispatcherServlet'
2023-05-04 08:17:59.422  INFO 12032 --- [http-nio-8080-exec-1] o.s.web.servlet.DispatcherServlet        : Completed initialization in 5 ms
2023-05-04 08:18:01.293  INFO 12032 --- [http-nio-8080-exec-8] o.springdoc.api.AbstractOpenApiResource  : Init duration for springdoc-openapi is: 650 ms
2023-05-04 08:23:33.171 DEBUG 12032 --- [http-nio-8080-exec-2] c.r.movieapp.controller.MovieController  : here u can access all the available movies
2023-05-04 08:23:33.183 DEBUG 12032 --- [http-nio-8080-exec-2] c.r.movieapp.controller.MovieController  : listed the available movies
2023-05-04 08:24:09.617 DEBUG 12032 --- [http-nio-8080-exec-6] c.r.movieapp.controller.MovieController  : here search a movie by its name
2023-05-04 08:24:09.630 DEBUG 12032 --- [http-nio-8080-exec-6] c.r.movieapp.controller.MovieController  : listed the available movies with title:Avatar
2023-05-04 08:25:34.101 DEBUG 12032 --- [http-nio-8080-exec-4] c.r.movieapp.controller.MovieController  : user123 entered to book tickets
2023-05-04 08:25:34.176  INFO 12032 --- [http-nio-8080-exec-4] c.r.movieapp.controller.MovieController  : available tickets 36
2023-05-04 08:25:34.221 DEBUG 12032 --- [http-nio-8080-exec-4] c.r.movieapp.controller.MovieController  : user123 booked 3 tickets
2023-05-04 08:25:34.261  INFO 12032 --- [http-nio-8080-exec-4] o.a.k.clients.producer.ProducerConfig    : ProducerConfig values: 
	acks = -1
	batch.size = 16384
	bootstrap.servers = [localhost:9092]
	buffer.memory = 33554432
	client.dns.lookup = use_all_dns_ips
	client.id = producer-1
	compression.type = none
	connections.max.idle.ms = 540000
	delivery.timeout.ms = 120000
	enable.idempotence = true
	interceptor.classes = []
	key.serializer = class org.apache.kafka.common.serialization.StringSerializer
	linger.ms = 0
	max.block.ms = 60000
	max.in.flight.requests.per.connection = 5
	max.request.size = 1048576
	metadata.max.age.ms = 300000
	metadata.max.idle.ms = 300000
	metric.reporters = []
	metrics.num.samples = 2
	metrics.recording.level = INFO
	metrics.sample.window.ms = 30000
	partitioner.class = class org.apache.kafka.clients.producer.internals.DefaultPartitioner
	receive.buffer.bytes = 32768
	reconnect.backoff.max.ms = 1000
	reconnect.backoff.ms = 50
	request.timeout.ms = 30000
	retries = 2147483647
	retry.backoff.ms = 100
	sasl.client.callback.handler.class = null
	sasl.jaas.config = null
	sasl.kerberos.kinit.cmd = /usr/bin/kinit
	sasl.kerberos.min.time.before.relogin = 60000
	sasl.kerberos.service.name = null
	sasl.kerberos.ticket.renew.jitter = 0.05
	sasl.kerberos.ticket.renew.window.factor = 0.8
	sasl.login.callback.handler.class = null
	sasl.login.class = null
	sasl.login.connect.timeout.ms = null
	sasl.login.read.timeout.ms = null
	sasl.login.refresh.buffer.seconds = 300
	sasl.login.refresh.min.period.seconds = 60
	sasl.login.refresh.window.factor = 0.8
	sasl.login.refresh.window.jitter = 0.05
	sasl.login.retry.backoff.max.ms = 10000
	sasl.login.retry.backoff.ms = 100
	sasl.mechanism = GSSAPI
	sasl.oauthbearer.clock.skew.seconds = 30
	sasl.oauthbearer.expected.audience = null
	sasl.oauthbearer.expected.issuer = null
	sasl.oauthbearer.jwks.endpoint.refresh.ms = 3600000
	sasl.oauthbearer.jwks.endpoint.retry.backoff.max.ms = 10000
	sasl.oauthbearer.jwks.endpoint.retry.backoff.ms = 100
	sasl.oauthbearer.jwks.endpoint.url = null
	sasl.oauthbearer.scope.claim.name = scope
	sasl.oauthbearer.sub.claim.name = sub
	sasl.oauthbearer.token.endpoint.url = null
	security.protocol = PLAINTEXT
	security.providers = null
	send.buffer.bytes = 131072
	socket.connection.setup.timeout.max.ms = 30000
	socket.connection.setup.timeout.ms = 10000
	ssl.cipher.suites = null
	ssl.enabled.protocols = [TLSv1.2, TLSv1.3]
	ssl.endpoint.identification.algorithm = https
	ssl.engine.factory.class = null
	ssl.key.password = null
	ssl.keymanager.algorithm = SunX509
	ssl.keystore.certificate.chain = null
	ssl.keystore.key = null
	ssl.keystore.location = null
	ssl.keystore.password = null
	ssl.keystore.type = JKS
	ssl.protocol = TLSv1.3
	ssl.provider = null
	ssl.secure.random.implementation = null
	ssl.trustmanager.algorithm = PKIX
	ssl.truststore.certificates = null
	ssl.truststore.location = null
	ssl.truststore.password = null
	ssl.truststore.type = JKS
	transaction.timeout.ms = 60000
	transactional.id = null
	value.serializer = class org.springframework.kafka.support.serializer.JsonSerializer

2023-05-04 08:25:34.331  INFO 12032 --- [http-nio-8080-exec-4] o.a.k.clients.producer.KafkaProducer     : [Producer clientId=producer-1] Instantiated an idempotent producer.
2023-05-04 08:25:34.468  INFO 12032 --- [http-nio-8080-exec-4] o.a.kafka.common.utils.AppInfoParser     : Kafka version: 3.1.2
2023-05-04 08:25:34.468  INFO 12032 --- [http-nio-8080-exec-4] o.a.kafka.common.utils.AppInfoParser     : Kafka commitId: f8c67dc3ae0a3265
2023-05-04 08:25:34.469  INFO 12032 --- [http-nio-8080-exec-4] o.a.kafka.common.utils.AppInfoParser     : Kafka startTimeMs: 1683168934467
2023-05-04 08:25:34.521  INFO 12032 --- [kafka-producer-network-thread | producer-1] org.apache.kafka.clients.Metadata        : [Producer clientId=producer-1] Resetting the last seen epoch of partition movieapptopic-0 to 0 since the associated topicId changed from null to 45UYv_XgTPSKqXiBhk7Kjg
2023-05-04 08:25:34.523  INFO 12032 --- [kafka-producer-network-thread | producer-1] org.apache.kafka.clients.Metadata        : [Producer clientId=producer-1] Cluster ID: Dk4ghU34T5uG8bPFbbmzUA
2023-05-04 08:25:35.040  INFO 12032 --- [kafka-producer-network-thread | producer-1] o.a.k.c.p.internals.TransactionManager   : [Producer clientId=producer-1] ProducerId set to 2000 with epoch 0
2023-05-04 08:26:23.580 DEBUG 12032 --- [http-nio-8080-exec-7] c.r.movieapp.controller.MovieController  : forgot password endopoint accessed by user123
2023-05-04 08:26:23.713 DEBUG 12032 --- [http-nio-8080-exec-7] c.r.movieapp.controller.MovieController  : user123 has password changed successfully
2023-05-04 08:26:39.271 ERROR 12032 --- [http-nio-8080-exec-10] c.r.m.security.jwt.AuthEntryPointJwt     : Unauthorized error: Bad credentials
2023-05-04 08:32:34.715 DEBUG 12032 --- [http-nio-8080-exec-2] c.r.movieapp.controller.MovieController  : here search a movie by its name
2023-05-04 08:32:34.728 DEBUG 12032 --- [http-nio-8080-exec-2] c.r.movieapp.controller.MovieController  : listed the available movies with title:Avatar
2023-05-04 08:32:51.307 DEBUG 12032 --- [http-nio-8080-exec-6] c.r.movieapp.controller.MovieController  : here search a movie by its name
2023-05-04 08:32:51.317 DEBUG 12032 --- [http-nio-8080-exec-6] c.r.movieapp.controller.MovieController  : listed the available movies with title:Avatar
2023-05-04 08:34:53.374  INFO 12032 --- [kafka-producer-network-thread | producer-1] org.apache.kafka.clients.NetworkClient   : [Producer clientId=producer-1] Node -1 disconnected.
2023-05-04 08:38:29.076 DEBUG 12032 --- [http-nio-8080-exec-10] c.r.movieapp.controller.MovieController  : here u can access all the available movies
2023-05-04 08:38:29.090 DEBUG 12032 --- [http-nio-8080-exec-10] c.r.movieapp.controller.MovieController  : listed the available movies
2023-05-04 08:39:00.857 DEBUG 12032 --- [http-nio-8080-exec-1] c.r.movieapp.controller.MovieController  : here search a movie by its name
2023-05-04 08:39:00.865 DEBUG 12032 --- [http-nio-8080-exec-1] c.r.movieapp.controller.MovieController  : currently no movies are available
2023-05-04 08:39:00.882  WARN 12032 --- [http-nio-8080-exec-1] .m.m.a.ExceptionHandlerExceptionResolver : Resolved [com.rbp.movieapp.exception.MoviesNotFound: Movies Not Found]
2023-05-04 08:39:10.663 DEBUG 12032 --- [http-nio-8080-exec-2] c.r.movieapp.controller.MovieController  : here search a movie by its name
2023-05-04 08:39:10.673 DEBUG 12032 --- [http-nio-8080-exec-2] c.r.movieapp.controller.MovieController  : currently no movies are available
2023-05-04 08:39:10.675  WARN 12032 --- [http-nio-8080-exec-2] .m.m.a.ExceptionHandlerExceptionResolver : Resolved [com.rbp.movieapp.exception.MoviesNotFound: Movies Not Found]
2023-05-04 08:39:17.617 DEBUG 12032 --- [http-nio-8080-exec-6] c.r.movieapp.controller.MovieController  : here search a movie by its name
2023-05-04 08:39:17.625 DEBUG 12032 --- [http-nio-8080-exec-6] c.r.movieapp.controller.MovieController  : listed the available movies with title:Pathaan
2023-05-04 08:40:30.753 DEBUG 12032 --- [http-nio-8080-exec-9] c.r.movieapp.controller.MovieController  : user1234 entered to book tickets
2023-05-04 08:40:30.779  INFO 12032 --- [http-nio-8080-exec-9] c.r.movieapp.controller.MovieController  : available tickets 10
2023-05-04 08:40:30.785 DEBUG 12032 --- [http-nio-8080-exec-9] c.r.movieapp.controller.MovieController  : user1234 booked 2 tickets
2023-05-04 08:41:17.151 DEBUG 12032 --- [http-nio-8080-exec-3] c.r.movieapp.controller.MovieController  : forgot password endopoint accessed by user1234
2023-05-04 08:41:17.271 DEBUG 12032 --- [http-nio-8080-exec-3] c.r.movieapp.controller.MovieController  : user1234 has password changed successfully
2023-05-04 08:41:36.334 ERROR 12032 --- [http-nio-8080-exec-8] c.r.m.security.jwt.AuthEntryPointJwt     : Unauthorized error: Bad credentials
2023-05-04 08:47:19.168 DEBUG 12032 --- [http-nio-8080-exec-5] c.r.movieapp.controller.MovieController  : here search a movie by its name
2023-05-04 08:47:19.177 DEBUG 12032 --- [http-nio-8080-exec-5] c.r.movieapp.controller.MovieController  : listed the available movies with title:Pathaan
2023-05-04 08:47:49.652  INFO 12032 --- [SpringApplicationShutdownHook] o.a.k.clients.producer.KafkaProducer     : [Producer clientId=producer-1] Closing the Kafka producer with timeoutMillis = 30000 ms.
2023-05-04 08:47:49.672  INFO 12032 --- [SpringApplicationShutdownHook] org.apache.kafka.common.metrics.Metrics  : Metrics scheduler closed
2023-05-04 08:47:49.676  INFO 12032 --- [SpringApplicationShutdownHook] org.apache.kafka.common.metrics.Metrics  : Closing reporter org.apache.kafka.common.metrics.JmxReporter
2023-05-04 08:47:49.678  INFO 12032 --- [SpringApplicationShutdownHook] org.apache.kafka.common.metrics.Metrics  : Metrics reporters closed
2023-05-04 08:47:49.680  INFO 12032 --- [SpringApplicationShutdownHook] o.a.kafka.common.utils.AppInfoParser     : App info kafka.producer for producer-1 unregistered
2023-05-04 09:33:18.120  INFO 12680 --- [restartedMain] com.rbp.movieapp.MovieappApplication     : Starting MovieappApplication using Java 18.0.1.1 on DESKTOP-OQAOI44 with PID 12680 (F:\FSE-1\movieapp\target\classes started by sai in F:\FSE-1\movieapp)
2023-05-04 09:33:18.160 DEBUG 12680 --- [restartedMain] com.rbp.movieapp.MovieappApplication     : Running with Spring Boot v2.7.10, Spring v5.3.26
2023-05-04 09:33:18.163  INFO 12680 --- [restartedMain] com.rbp.movieapp.MovieappApplication     : No active profile set, falling back to 1 default profile: "default"
2023-05-04 09:33:18.277  INFO 12680 --- [restartedMain] .e.DevToolsPropertyDefaultsPostProcessor : Devtools property defaults active! Set 'spring.devtools.add-properties' to 'false' to disable
2023-05-04 09:33:18.278  INFO 12680 --- [restartedMain] .e.DevToolsPropertyDefaultsPostProcessor : For additional web related logging consider setting the 'logging.level.web' property to 'DEBUG'
2023-05-04 09:33:21.089  INFO 12680 --- [restartedMain] .s.d.r.c.RepositoryConfigurationDelegate : Bootstrapping Spring Data MongoDB repositories in DEFAULT mode.
2023-05-04 09:33:21.220  INFO 12680 --- [restartedMain] .s.d.r.c.RepositoryConfigurationDelegate : Finished Spring Data repository scanning in 120 ms. Found 4 MongoDB repository interfaces.
2023-05-04 09:33:22.722  INFO 12680 --- [restartedMain] o.s.b.w.embedded.tomcat.TomcatWebServer  : Tomcat initialized with port(s): 8080 (http)
2023-05-04 09:33:22.744  INFO 12680 --- [restartedMain] o.apache.catalina.core.StandardService   : Starting service [Tomcat]
2023-05-04 09:33:22.744  INFO 12680 --- [restartedMain] org.apache.catalina.core.StandardEngine  : Starting Servlet engine: [Apache Tomcat/9.0.73]
2023-05-04 09:33:22.924  INFO 12680 --- [restartedMain] o.a.c.c.C.[Tomcat].[localhost].[/]       : Initializing Spring embedded WebApplicationContext
2023-05-04 09:33:22.925  INFO 12680 --- [restartedMain] w.s.c.ServletWebServerApplicationContext : Root WebApplicationContext: initialization completed in 4645 ms
2023-05-04 09:33:23.601  INFO 12680 --- [restartedMain] org.mongodb.driver.client                : MongoClient with metadata {"driver": {"name": "mongo-java-driver|sync|spring-boot", "version": "4.6.1"}, "os": {"type": "Windows", "name": "Windows 10", "architecture": "amd64", "version": "10.0"}, "platform": "Java/Oracle Corporation/18.0.1.1+2-6"} created with settings MongoClientSettings{readPreference=primary, writeConcern=WriteConcern{w=null, wTimeout=null ms, journal=null}, retryWrites=true, retryReads=true, readConcern=ReadConcern{level=null}, credential=null, streamFactoryFactory=null, commandListeners=[io.micrometer.core.instrument.binder.mongodb.MongoMetricsCommandListener@5ab73737], codecRegistry=ProvidersCodecRegistry{codecProviders=[ValueCodecProvider{}, BsonValueCodecProvider{}, DBRefCodecProvider{}, DBObjectCodecProvider{}, DocumentCodecProvider{}, IterableCodecProvider{}, MapCodecProvider{}, GeoJsonCodecProvider{}, GridFSFileCodecProvider{}, Jsr310CodecProvider{}, JsonObjectCodecProvider{}, BsonCodecProvider{}, EnumCodecProvider{}, com.mongodb.Jep395RecordCodecProvider@347c74df]}, clusterSettings={hosts=[localhost:27017], srvServiceName=mongodb, mode=SINGLE, requiredClusterType=UNKNOWN, requiredReplicaSetName='null', serverSelector='null', clusterListeners='[]', serverSelectionTimeout='30000 ms', localThreshold='30000 ms'}, socketSettings=SocketSettings{connectTimeoutMS=10000, readTimeoutMS=0, receiveBufferSize=0, sendBufferSize=0}, heartbeatSocketSettings=SocketSettings{connectTimeoutMS=10000, readTimeoutMS=10000, receiveBufferSize=0, sendBufferSize=0}, connectionPoolSettings=ConnectionPoolSettings{maxSize=100, minSize=0, maxWaitTimeMS=120000, maxConnectionLifeTimeMS=0, maxConnectionIdleTimeMS=0, maintenanceInitialDelayMS=0, maintenanceFrequencyMS=60000, connectionPoolListeners=[io.micrometer.core.instrument.binder.mongodb.MongoMetricsConnectionPoolListener@62c7df79], maxConnecting=2}, serverSettings=ServerSettings{heartbeatFrequencyMS=10000, minHeartbeatFrequencyMS=500, serverListeners='[]', serverMonitorListeners='[]'}, sslSettings=SslSettings{enabled=false, invalidHostNameAllowed=false, context=null}, applicationName='null', compressorList=[], uuidRepresentation=JAVA_LEGACY, serverApi=null, autoEncryptionSettings=null, contextProvider=null}
2023-05-04 09:33:23.640  INFO 12680 --- [cluster-rtt-ClusterId{value='64532e8bc70cc042bafdf931', description='null'}-localhost:27017] org.mongodb.driver.connection            : Opened connection [connectionId{localValue:1, serverValue:40}] to localhost:27017
2023-05-04 09:33:23.642  INFO 12680 --- [cluster-ClusterId{value='64532e8bc70cc042bafdf931', description='null'}-localhost:27017] org.mongodb.driver.connection            : Opened connection [connectionId{localValue:2, serverValue:41}] to localhost:27017
2023-05-04 09:33:23.644  INFO 12680 --- [cluster-ClusterId{value='64532e8bc70cc042bafdf931', description='null'}-localhost:27017] org.mongodb.driver.cluster               : Monitor thread successfully connected to server with description ServerDescription{address=localhost:27017, type=STANDALONE, state=CONNECTED, ok=true, minWireVersion=0, maxWireVersion=17, maxDocumentSize=16777216, logicalSessionTimeoutMinutes=30, roundTripTimeNanos=57022600}
2023-05-04 09:33:24.371 DEBUG 12680 --- [restartedMain] c.r.m.security.jwt.AuthTokenFilter       : Filter 'authenticationJwtTokenFilter' configured for use
2023-05-04 09:33:24.413  INFO 12680 --- [restartedMain] o.s.b.d.a.OptionalLiveReloadServer       : LiveReload server is running on port 35729
2023-05-04 09:33:27.072  INFO 12680 --- [restartedMain] o.s.b.a.e.web.EndpointLinksResolver      : Exposing 14 endpoint(s) beneath base path '/actuator'
2023-05-04 09:33:27.111  INFO 12680 --- [restartedMain] o.s.s.web.DefaultSecurityFilterChain     : Will secure any request with [org.springframework.security.web.session.DisableEncodeUrlFilter@295e94b3, org.springframework.security.web.context.request.async.WebAsyncManagerIntegrationFilter@7c4900df, org.springframework.security.web.context.SecurityContextPersistenceFilter@78516a61, org.springframework.security.web.header.HeaderWriterFilter@45a13b04, org.springframework.web.filter.CorsFilter@4682d074, org.springframework.security.web.authentication.logout.LogoutFilter@3a4342d, com.rbp.movieapp.security.jwt.AuthTokenFilter@5158ed35, org.springframework.security.web.savedrequest.RequestCacheAwareFilter@481d9897, org.springframework.security.web.servletapi.SecurityContextHolderAwareRequestFilter@7c1ab90e, org.springframework.security.web.authentication.AnonymousAuthenticationFilter@2bc102cd, org.springframework.security.web.session.SessionManagementFilter@5c7aa4fc, org.springframework.security.web.access.ExceptionTranslationFilter@6c34bea, org.springframework.security.web.access.intercept.FilterSecurityInterceptor@225ee384]
2023-05-04 09:33:27.726  INFO 12680 --- [restartedMain] o.a.k.clients.admin.AdminClientConfig    : AdminClientConfig values: 
	bootstrap.servers = [localhost:9092]
	client.dns.lookup = use_all_dns_ips
	client.id = 
	connections.max.idle.ms = 300000
	default.api.timeout.ms = 60000
	metadata.max.age.ms = 300000
	metric.reporters = []
	metrics.num.samples = 2
	metrics.recording.level = INFO
	metrics.sample.window.ms = 30000
	receive.buffer.bytes = 65536
	reconnect.backoff.max.ms = 1000
	reconnect.backoff.ms = 50
	request.timeout.ms = 30000
	retries = 2147483647
	retry.backoff.ms = 100
	sasl.client.callback.handler.class = null
	sasl.jaas.config = null
	sasl.kerberos.kinit.cmd = /usr/bin/kinit
	sasl.kerberos.min.time.before.relogin = 60000
	sasl.kerberos.service.name = null
	sasl.kerberos.ticket.renew.jitter = 0.05
	sasl.kerberos.ticket.renew.window.factor = 0.8
	sasl.login.callback.handler.class = null
	sasl.login.class = null
	sasl.login.connect.timeout.ms = null
	sasl.login.read.timeout.ms = null
	sasl.login.refresh.buffer.seconds = 300
	sasl.login.refresh.min.period.seconds = 60
	sasl.login.refresh.window.factor = 0.8
	sasl.login.refresh.window.jitter = 0.05
	sasl.login.retry.backoff.max.ms = 10000
	sasl.login.retry.backoff.ms = 100
	sasl.mechanism = GSSAPI
	sasl.oauthbearer.clock.skew.seconds = 30
	sasl.oauthbearer.expected.audience = null
	sasl.oauthbearer.expected.issuer = null
	sasl.oauthbearer.jwks.endpoint.refresh.ms = 3600000
	sasl.oauthbearer.jwks.endpoint.retry.backoff.max.ms = 10000
	sasl.oauthbearer.jwks.endpoint.retry.backoff.ms = 100
	sasl.oauthbearer.jwks.endpoint.url = null
	sasl.oauthbearer.scope.claim.name = scope
	sasl.oauthbearer.sub.claim.name = sub
	sasl.oauthbearer.token.endpoint.url = null
	security.protocol = PLAINTEXT
	security.providers = null
	send.buffer.bytes = 131072
	socket.connection.setup.timeout.max.ms = 30000
	socket.connection.setup.timeout.ms = 10000
	ssl.cipher.suites = null
	ssl.enabled.protocols = [TLSv1.2, TLSv1.3]
	ssl.endpoint.identification.algorithm = https
	ssl.engine.factory.class = null
	ssl.key.password = null
	ssl.keymanager.algorithm = SunX509
	ssl.keystore.certificate.chain = null
	ssl.keystore.key = null
	ssl.keystore.location = null
	ssl.keystore.password = null
	ssl.keystore.type = JKS
	ssl.protocol = TLSv1.3
	ssl.provider = null
	ssl.secure.random.implementation = null
	ssl.trustmanager.algorithm = PKIX
	ssl.truststore.certificates = null
	ssl.truststore.location = null
	ssl.truststore.password = null
	ssl.truststore.type = JKS

2023-05-04 09:33:27.981  INFO 12680 --- [restartedMain] o.a.kafka.common.utils.AppInfoParser     : Kafka version: 3.1.2
2023-05-04 09:33:27.985  INFO 12680 --- [restartedMain] o.a.kafka.common.utils.AppInfoParser     : Kafka commitId: f8c67dc3ae0a3265
2023-05-04 09:33:27.985  INFO 12680 --- [restartedMain] o.a.kafka.common.utils.AppInfoParser     : Kafka startTimeMs: 1683173007977
2023-05-04 09:33:28.900  INFO 12680 --- [kafka-admin-client-thread | adminclient-1] o.a.kafka.common.utils.AppInfoParser     : App info kafka.admin.client for adminclient-1 unregistered
2023-05-04 09:33:28.911  INFO 12680 --- [kafka-admin-client-thread | adminclient-1] org.apache.kafka.common.metrics.Metrics  : Metrics scheduler closed
2023-05-04 09:33:28.912  INFO 12680 --- [kafka-admin-client-thread | adminclient-1] org.apache.kafka.common.metrics.Metrics  : Closing reporter org.apache.kafka.common.metrics.JmxReporter
2023-05-04 09:33:28.913  INFO 12680 --- [kafka-admin-client-thread | adminclient-1] org.apache.kafka.common.metrics.Metrics  : Metrics reporters closed
2023-05-04 09:33:28.948  INFO 12680 --- [restartedMain] o.s.b.w.embedded.tomcat.TomcatWebServer  : Tomcat started on port(s): 8080 (http) with context path ''
2023-05-04 09:33:28.968  INFO 12680 --- [restartedMain] com.rbp.movieapp.MovieappApplication     : Started MovieappApplication in 11.959 seconds (JVM running for 13.929)
2023-05-04 09:33:29.023  INFO 12680 --- [restartedMain] org.mongodb.driver.connection            : Opened connection [connectionId{localValue:3, serverValue:42}] to localhost:27017
2023-05-04 09:33:41.298  INFO 12680 --- [http-nio-8080-exec-1] o.a.c.c.C.[Tomcat].[localhost].[/]       : Initializing Spring DispatcherServlet 'dispatcherServlet'
2023-05-04 09:33:41.299  INFO 12680 --- [http-nio-8080-exec-1] o.s.web.servlet.DispatcherServlet        : Initializing Servlet 'dispatcherServlet'
2023-05-04 09:33:41.303  INFO 12680 --- [http-nio-8080-exec-1] o.s.web.servlet.DispatcherServlet        : Completed initialization in 3 ms
2023-05-04 09:33:43.264  INFO 12680 --- [http-nio-8080-exec-10] o.springdoc.api.AbstractOpenApiResource  : Init duration for springdoc-openapi is: 868 ms
2023-05-04 09:36:57.855 DEBUG 12680 --- [http-nio-8080-exec-10] c.r.movieapp.controller.MovieController  : here u can access all the available movies
2023-05-04 09:36:57.866 DEBUG 12680 --- [http-nio-8080-exec-10] c.r.movieapp.controller.MovieController  : listed the available movies
2023-05-04 09:37:38.379 DEBUG 12680 --- [http-nio-8080-exec-4] c.r.movieapp.controller.MovieController  : here search a movie by its name
2023-05-04 09:37:38.396 DEBUG 12680 --- [http-nio-8080-exec-4] c.r.movieapp.controller.MovieController  : listed the available movies with title:Avatar
2023-05-04 09:39:29.449 ERROR 12680 --- [http-nio-8080-exec-8] c.r.m.security.jwt.AuthEntryPointJwt     : Unauthorized error: Full authentication is required to access this resource
2023-05-04 09:39:58.126 DEBUG 12680 --- [http-nio-8080-exec-1] c.r.movieapp.controller.MovieController  : user12 entered to book tickets
2023-05-04 09:39:58.176  INFO 12680 --- [http-nio-8080-exec-1] c.r.movieapp.controller.MovieController  : available tickets 36
2023-05-04 09:39:58.209 DEBUG 12680 --- [http-nio-8080-exec-1] c.r.movieapp.controller.MovieController  : user12 booked 3 tickets
2023-05-04 09:39:58.254  INFO 12680 --- [http-nio-8080-exec-1] o.a.k.clients.producer.ProducerConfig    : ProducerConfig values: 
	acks = -1
	batch.size = 16384
	bootstrap.servers = [localhost:9092]
	buffer.memory = 33554432
	client.dns.lookup = use_all_dns_ips
	client.id = producer-1
	compression.type = none
	connections.max.idle.ms = 540000
	delivery.timeout.ms = 120000
	enable.idempotence = true
	interceptor.classes = []
	key.serializer = class org.apache.kafka.common.serialization.StringSerializer
	linger.ms = 0
	max.block.ms = 60000
	max.in.flight.requests.per.connection = 5
	max.request.size = 1048576
	metadata.max.age.ms = 300000
	metadata.max.idle.ms = 300000
	metric.reporters = []
	metrics.num.samples = 2
	metrics.recording.level = INFO
	metrics.sample.window.ms = 30000
	partitioner.class = class org.apache.kafka.clients.producer.internals.DefaultPartitioner
	receive.buffer.bytes = 32768
	reconnect.backoff.max.ms = 1000
	reconnect.backoff.ms = 50
	request.timeout.ms = 30000
	retries = 2147483647
	retry.backoff.ms = 100
	sasl.client.callback.handler.class = null
	sasl.jaas.config = null
	sasl.kerberos.kinit.cmd = /usr/bin/kinit
	sasl.kerberos.min.time.before.relogin = 60000
	sasl.kerberos.service.name = null
	sasl.kerberos.ticket.renew.jitter = 0.05
	sasl.kerberos.ticket.renew.window.factor = 0.8
	sasl.login.callback.handler.class = null
	sasl.login.class = null
	sasl.login.connect.timeout.ms = null
	sasl.login.read.timeout.ms = null
	sasl.login.refresh.buffer.seconds = 300
	sasl.login.refresh.min.period.seconds = 60
	sasl.login.refresh.window.factor = 0.8
	sasl.login.refresh.window.jitter = 0.05
	sasl.login.retry.backoff.max.ms = 10000
	sasl.login.retry.backoff.ms = 100
	sasl.mechanism = GSSAPI
	sasl.oauthbearer.clock.skew.seconds = 30
	sasl.oauthbearer.expected.audience = null
	sasl.oauthbearer.expected.issuer = null
	sasl.oauthbearer.jwks.endpoint.refresh.ms = 3600000
	sasl.oauthbearer.jwks.endpoint.retry.backoff.max.ms = 10000
	sasl.oauthbearer.jwks.endpoint.retry.backoff.ms = 100
	sasl.oauthbearer.jwks.endpoint.url = null
	sasl.oauthbearer.scope.claim.name = scope
	sasl.oauthbearer.sub.claim.name = sub
	sasl.oauthbearer.token.endpoint.url = null
	security.protocol = PLAINTEXT
	security.providers = null
	send.buffer.bytes = 131072
	socket.connection.setup.timeout.max.ms = 30000
	socket.connection.setup.timeout.ms = 10000
	ssl.cipher.suites = null
	ssl.enabled.protocols = [TLSv1.2, TLSv1.3]
	ssl.endpoint.identification.algorithm = https
	ssl.engine.factory.class = null
	ssl.key.password = null
	ssl.keymanager.algorithm = SunX509
	ssl.keystore.certificate.chain = null
	ssl.keystore.key = null
	ssl.keystore.location = null
	ssl.keystore.password = null
	ssl.keystore.type = JKS
	ssl.protocol = TLSv1.3
	ssl.provider = null
	ssl.secure.random.implementation = null
	ssl.trustmanager.algorithm = PKIX
	ssl.truststore.certificates = null
	ssl.truststore.location = null
	ssl.truststore.password = null
	ssl.truststore.type = JKS
	transaction.timeout.ms = 60000
	transactional.id = null
	value.serializer = class org.springframework.kafka.support.serializer.JsonSerializer

2023-05-04 09:39:58.312  INFO 12680 --- [http-nio-8080-exec-1] o.a.k.clients.producer.KafkaProducer     : [Producer clientId=producer-1] Instantiated an idempotent producer.
2023-05-04 09:39:58.427  INFO 12680 --- [http-nio-8080-exec-1] o.a.kafka.common.utils.AppInfoParser     : Kafka version: 3.1.2
2023-05-04 09:39:58.427  INFO 12680 --- [http-nio-8080-exec-1] o.a.kafka.common.utils.AppInfoParser     : Kafka commitId: f8c67dc3ae0a3265
2023-05-04 09:39:58.427  INFO 12680 --- [http-nio-8080-exec-1] o.a.kafka.common.utils.AppInfoParser     : Kafka startTimeMs: 1683173398426
2023-05-04 09:39:58.477  INFO 12680 --- [kafka-producer-network-thread | producer-1] org.apache.kafka.clients.Metadata        : [Producer clientId=producer-1] Resetting the last seen epoch of partition movieapptopic-0 to 0 since the associated topicId changed from null to 45UYv_XgTPSKqXiBhk7Kjg
2023-05-04 09:39:58.479  INFO 12680 --- [kafka-producer-network-thread | producer-1] org.apache.kafka.clients.Metadata        : [Producer clientId=producer-1] Cluster ID: Dk4ghU34T5uG8bPFbbmzUA
2023-05-04 09:39:58.642  INFO 12680 --- [kafka-producer-network-thread | producer-1] o.a.k.c.p.internals.TransactionManager   : [Producer clientId=producer-1] ProducerId set to 3000 with epoch 0
2023-05-04 09:40:40.982 DEBUG 12680 --- [http-nio-8080-exec-7] c.r.movieapp.controller.MovieController  : forgot password endopoint accessed by user12
2023-05-04 09:40:41.126 DEBUG 12680 --- [http-nio-8080-exec-7] c.r.movieapp.controller.MovieController  : user12 has password changed successfully
2023-05-04 09:41:06.482 ERROR 12680 --- [http-nio-8080-exec-9] c.r.m.security.jwt.AuthEntryPointJwt     : Unauthorized error: Bad credentials
2023-05-04 09:49:28.575  INFO 12680 --- [kafka-producer-network-thread | producer-1] org.apache.kafka.clients.NetworkClient   : [Producer clientId=producer-1] Node -1 disconnected.
2023-05-04 09:49:50.552  INFO 12680 --- [kafka-producer-network-thread | producer-1] org.apache.kafka.clients.NetworkClient   : [Producer clientId=producer-1] Node 0 disconnected.
2023-05-04 09:49:52.667  INFO 12680 --- [kafka-producer-network-thread | producer-1] org.apache.kafka.clients.NetworkClient   : [Producer clientId=producer-1] Node 0 disconnected.
2023-05-04 09:49:52.669  WARN 12680 --- [kafka-producer-network-thread | producer-1] org.apache.kafka.clients.NetworkClient   : [Producer clientId=producer-1] Connection to node 0 (DESKTOP-OQAOI44/192.168.1.104:9092) could not be established. Broker may not be available.
2023-05-04 09:49:54.815  INFO 12680 --- [kafka-producer-network-thread | producer-1] org.apache.kafka.clients.NetworkClient   : [Producer clientId=producer-1] Node 0 disconnected.
2023-05-04 09:49:54.816  WARN 12680 --- [kafka-producer-network-thread | producer-1] org.apache.kafka.clients.NetworkClient   : [Producer clientId=producer-1] Connection to node 0 (DESKTOP-OQAOI44/192.168.1.104:9092) could not be established. Broker may not be available.
2023-05-04 09:49:55.268  INFO 12680 --- [SpringApplicationShutdownHook] o.a.k.clients.producer.KafkaProducer     : [Producer clientId=producer-1] Closing the Kafka producer with timeoutMillis = 30000 ms.
2023-05-04 09:49:55.294  INFO 12680 --- [SpringApplicationShutdownHook] org.apache.kafka.common.metrics.Metrics  : Metrics scheduler closed
2023-05-04 09:49:55.294  INFO 12680 --- [SpringApplicationShutdownHook] org.apache.kafka.common.metrics.Metrics  : Closing reporter org.apache.kafka.common.metrics.JmxReporter
2023-05-04 09:49:55.295  INFO 12680 --- [SpringApplicationShutdownHook] org.apache.kafka.common.metrics.Metrics  : Metrics reporters closed
2023-05-04 09:49:55.297  INFO 12680 --- [SpringApplicationShutdownHook] o.a.kafka.common.utils.AppInfoParser     : App info kafka.producer for producer-1 unregistered
2023-05-04 10:08:20.655  INFO 10016 --- [restartedMain] com.rbp.movieapp.MovieappApplication     : Starting MovieappApplication using Java 18.0.1.1 on DESKTOP-OQAOI44 with PID 10016 (F:\FSE-1\movieapp\target\classes started by sai in F:\FSE-1\movieapp)
2023-05-04 10:08:20.705 DEBUG 10016 --- [restartedMain] com.rbp.movieapp.MovieappApplication     : Running with Spring Boot v2.7.10, Spring v5.3.26
2023-05-04 10:08:20.707  INFO 10016 --- [restartedMain] com.rbp.movieapp.MovieappApplication     : No active profile set, falling back to 1 default profile: "default"
2023-05-04 10:08:20.889  INFO 10016 --- [restartedMain] .e.DevToolsPropertyDefaultsPostProcessor : Devtools property defaults active! Set 'spring.devtools.add-properties' to 'false' to disable
2023-05-04 10:08:20.889  INFO 10016 --- [restartedMain] .e.DevToolsPropertyDefaultsPostProcessor : For additional web related logging consider setting the 'logging.level.web' property to 'DEBUG'
2023-05-04 10:08:24.754  INFO 10016 --- [restartedMain] .s.d.r.c.RepositoryConfigurationDelegate : Bootstrapping Spring Data MongoDB repositories in DEFAULT mode.
2023-05-04 10:08:24.948  INFO 10016 --- [restartedMain] .s.d.r.c.RepositoryConfigurationDelegate : Finished Spring Data repository scanning in 179 ms. Found 4 MongoDB repository interfaces.
2023-05-04 10:08:26.670  INFO 10016 --- [restartedMain] o.s.b.w.embedded.tomcat.TomcatWebServer  : Tomcat initialized with port(s): 8080 (http)
2023-05-04 10:08:26.695  INFO 10016 --- [restartedMain] o.apache.catalina.core.StandardService   : Starting service [Tomcat]
2023-05-04 10:08:26.696  INFO 10016 --- [restartedMain] org.apache.catalina.core.StandardEngine  : Starting Servlet engine: [Apache Tomcat/9.0.73]
2023-05-04 10:08:26.964  INFO 10016 --- [restartedMain] o.a.c.c.C.[Tomcat].[localhost].[/]       : Initializing Spring embedded WebApplicationContext
2023-05-04 10:08:26.964  INFO 10016 --- [restartedMain] w.s.c.ServletWebServerApplicationContext : Root WebApplicationContext: initialization completed in 6073 ms
2023-05-04 10:08:27.918  INFO 10016 --- [restartedMain] org.mongodb.driver.client                : MongoClient with metadata {"driver": {"name": "mongo-java-driver|sync|spring-boot", "version": "4.6.1"}, "os": {"type": "Windows", "name": "Windows 10", "architecture": "amd64", "version": "10.0"}, "platform": "Java/Oracle Corporation/18.0.1.1+2-6"} created with settings MongoClientSettings{readPreference=primary, writeConcern=WriteConcern{w=null, wTimeout=null ms, journal=null}, retryWrites=true, retryReads=true, readConcern=ReadConcern{level=null}, credential=null, streamFactoryFactory=null, commandListeners=[io.micrometer.core.instrument.binder.mongodb.MongoMetricsCommandListener@473b640f], codecRegistry=ProvidersCodecRegistry{codecProviders=[ValueCodecProvider{}, BsonValueCodecProvider{}, DBRefCodecProvider{}, DBObjectCodecProvider{}, DocumentCodecProvider{}, IterableCodecProvider{}, MapCodecProvider{}, GeoJsonCodecProvider{}, GridFSFileCodecProvider{}, Jsr310CodecProvider{}, JsonObjectCodecProvider{}, BsonCodecProvider{}, EnumCodecProvider{}, com.mongodb.Jep395RecordCodecProvider@4322b75f]}, clusterSettings={hosts=[localhost:27017], srvServiceName=mongodb, mode=SINGLE, requiredClusterType=UNKNOWN, requiredReplicaSetName='null', serverSelector='null', clusterListeners='[]', serverSelectionTimeout='30000 ms', localThreshold='30000 ms'}, socketSettings=SocketSettings{connectTimeoutMS=10000, readTimeoutMS=0, receiveBufferSize=0, sendBufferSize=0}, heartbeatSocketSettings=SocketSettings{connectTimeoutMS=10000, readTimeoutMS=10000, receiveBufferSize=0, sendBufferSize=0}, connectionPoolSettings=ConnectionPoolSettings{maxSize=100, minSize=0, maxWaitTimeMS=120000, maxConnectionLifeTimeMS=0, maxConnectionIdleTimeMS=0, maintenanceInitialDelayMS=0, maintenanceFrequencyMS=60000, connectionPoolListeners=[io.micrometer.core.instrument.binder.mongodb.MongoMetricsConnectionPoolListener@51d84204], maxConnecting=2}, serverSettings=ServerSettings{heartbeatFrequencyMS=10000, minHeartbeatFrequencyMS=500, serverListeners='[]', serverMonitorListeners='[]'}, sslSettings=SslSettings{enabled=false, invalidHostNameAllowed=false, context=null}, applicationName='null', compressorList=[], uuidRepresentation=JAVA_LEGACY, serverApi=null, autoEncryptionSettings=null, contextProvider=null}
2023-05-04 10:08:27.944  INFO 10016 --- [cluster-rtt-ClusterId{value='645336c3c7e4ac7f70337d90', description='null'}-localhost:27017] org.mongodb.driver.connection            : Opened connection [connectionId{localValue:1, serverValue:43}] to localhost:27017
2023-05-04 10:08:27.944  INFO 10016 --- [cluster-ClusterId{value='645336c3c7e4ac7f70337d90', description='null'}-localhost:27017] org.mongodb.driver.connection            : Opened connection [connectionId{localValue:2, serverValue:44}] to localhost:27017
2023-05-04 10:08:27.949  INFO 10016 --- [cluster-ClusterId{value='645336c3c7e4ac7f70337d90', description='null'}-localhost:27017] org.mongodb.driver.cluster               : Monitor thread successfully connected to server with description ServerDescription{address=localhost:27017, type=STANDALONE, state=CONNECTED, ok=true, minWireVersion=0, maxWireVersion=17, maxDocumentSize=16777216, logicalSessionTimeoutMinutes=30, roundTripTimeNanos=76389600}
2023-05-04 10:08:29.088 DEBUG 10016 --- [restartedMain] c.r.m.security.jwt.AuthTokenFilter       : Filter 'authenticationJwtTokenFilter' configured for use
2023-05-04 10:08:29.132  INFO 10016 --- [restartedMain] o.s.b.d.a.OptionalLiveReloadServer       : LiveReload server is running on port 35729
2023-05-04 10:08:32.170  INFO 10016 --- [restartedMain] o.s.b.a.e.web.EndpointLinksResolver      : Exposing 14 endpoint(s) beneath base path '/actuator'
2023-05-04 10:08:32.209  INFO 10016 --- [restartedMain] o.s.s.web.DefaultSecurityFilterChain     : Will secure any request with [org.springframework.security.web.session.DisableEncodeUrlFilter@4a134361, org.springframework.security.web.context.request.async.WebAsyncManagerIntegrationFilter@2ac5a93b, org.springframework.security.web.context.SecurityContextPersistenceFilter@32755fd4, org.springframework.security.web.header.HeaderWriterFilter@f0c8fab, org.springframework.web.filter.CorsFilter@66968c80, org.springframework.security.web.authentication.logout.LogoutFilter@5ef15d8e, com.rbp.movieapp.security.jwt.AuthTokenFilter@5ec6cbf5, org.springframework.security.web.savedrequest.RequestCacheAwareFilter@7c84a703, org.springframework.security.web.servletapi.SecurityContextHolderAwareRequestFilter@5ddf47d9, org.springframework.security.web.authentication.AnonymousAuthenticationFilter@41aafbb9, org.springframework.security.web.session.SessionManagementFilter@4ea6f3a3, org.springframework.security.web.access.ExceptionTranslationFilter@4809010a, org.springframework.security.web.access.intercept.FilterSecurityInterceptor@15c3d4d]
2023-05-04 10:08:32.885  INFO 10016 --- [restartedMain] o.a.k.clients.admin.AdminClientConfig    : AdminClientConfig values: 
	bootstrap.servers = [localhost:9092]
	client.dns.lookup = use_all_dns_ips
	client.id = 
	connections.max.idle.ms = 300000
	default.api.timeout.ms = 60000
	metadata.max.age.ms = 300000
	metric.reporters = []
	metrics.num.samples = 2
	metrics.recording.level = INFO
	metrics.sample.window.ms = 30000
	receive.buffer.bytes = 65536
	reconnect.backoff.max.ms = 1000
	reconnect.backoff.ms = 50
	request.timeout.ms = 30000
	retries = 2147483647
	retry.backoff.ms = 100
	sasl.client.callback.handler.class = null
	sasl.jaas.config = null
	sasl.kerberos.kinit.cmd = /usr/bin/kinit
	sasl.kerberos.min.time.before.relogin = 60000
	sasl.kerberos.service.name = null
	sasl.kerberos.ticket.renew.jitter = 0.05
	sasl.kerberos.ticket.renew.window.factor = 0.8
	sasl.login.callback.handler.class = null
	sasl.login.class = null
	sasl.login.connect.timeout.ms = null
	sasl.login.read.timeout.ms = null
	sasl.login.refresh.buffer.seconds = 300
	sasl.login.refresh.min.period.seconds = 60
	sasl.login.refresh.window.factor = 0.8
	sasl.login.refresh.window.jitter = 0.05
	sasl.login.retry.backoff.max.ms = 10000
	sasl.login.retry.backoff.ms = 100
	sasl.mechanism = GSSAPI
	sasl.oauthbearer.clock.skew.seconds = 30
	sasl.oauthbearer.expected.audience = null
	sasl.oauthbearer.expected.issuer = null
	sasl.oauthbearer.jwks.endpoint.refresh.ms = 3600000
	sasl.oauthbearer.jwks.endpoint.retry.backoff.max.ms = 10000
	sasl.oauthbearer.jwks.endpoint.retry.backoff.ms = 100
	sasl.oauthbearer.jwks.endpoint.url = null
	sasl.oauthbearer.scope.claim.name = scope
	sasl.oauthbearer.sub.claim.name = sub
	sasl.oauthbearer.token.endpoint.url = null
	security.protocol = PLAINTEXT
	security.providers = null
	send.buffer.bytes = 131072
	socket.connection.setup.timeout.max.ms = 30000
	socket.connection.setup.timeout.ms = 10000
	ssl.cipher.suites = null
	ssl.enabled.protocols = [TLSv1.2, TLSv1.3]
	ssl.endpoint.identification.algorithm = https
	ssl.engine.factory.class = null
	ssl.key.password = null
	ssl.keymanager.algorithm = SunX509
	ssl.keystore.certificate.chain = null
	ssl.keystore.key = null
	ssl.keystore.location = null
	ssl.keystore.password = null
	ssl.keystore.type = JKS
	ssl.protocol = TLSv1.3
	ssl.provider = null
	ssl.secure.random.implementation = null
	ssl.trustmanager.algorithm = PKIX
	ssl.truststore.certificates = null
	ssl.truststore.location = null
	ssl.truststore.password = null
	ssl.truststore.type = JKS

2023-05-04 10:08:33.257  INFO 10016 --- [restartedMain] o.a.kafka.common.utils.AppInfoParser     : Kafka version: 3.1.2
2023-05-04 10:08:33.260  INFO 10016 --- [restartedMain] o.a.kafka.common.utils.AppInfoParser     : Kafka commitId: f8c67dc3ae0a3265
2023-05-04 10:08:33.261  INFO 10016 --- [restartedMain] o.a.kafka.common.utils.AppInfoParser     : Kafka startTimeMs: 1683175113254
2023-05-04 10:08:34.120  INFO 10016 --- [kafka-admin-client-thread | adminclient-1] o.a.kafka.common.utils.AppInfoParser     : App info kafka.admin.client for adminclient-1 unregistered
2023-05-04 10:08:34.129  INFO 10016 --- [kafka-admin-client-thread | adminclient-1] org.apache.kafka.common.metrics.Metrics  : Metrics scheduler closed
2023-05-04 10:08:34.130  INFO 10016 --- [kafka-admin-client-thread | adminclient-1] org.apache.kafka.common.metrics.Metrics  : Closing reporter org.apache.kafka.common.metrics.JmxReporter
2023-05-04 10:08:34.130  INFO 10016 --- [kafka-admin-client-thread | adminclient-1] org.apache.kafka.common.metrics.Metrics  : Metrics reporters closed
2023-05-04 10:08:34.170  INFO 10016 --- [restartedMain] o.s.b.w.embedded.tomcat.TomcatWebServer  : Tomcat started on port(s): 8080 (http) with context path ''
2023-05-04 10:08:34.196  INFO 10016 --- [restartedMain] com.rbp.movieapp.MovieappApplication     : Started MovieappApplication in 15.362 seconds (JVM running for 17.226)
2023-05-04 10:08:34.266  INFO 10016 --- [restartedMain] org.mongodb.driver.connection            : Opened connection [connectionId{localValue:3, serverValue:45}] to localhost:27017
2023-05-04 10:08:49.605  INFO 10016 --- [http-nio-8080-exec-1] o.a.c.c.C.[Tomcat].[localhost].[/]       : Initializing Spring DispatcherServlet 'dispatcherServlet'
2023-05-04 10:08:49.606  INFO 10016 --- [http-nio-8080-exec-1] o.s.web.servlet.DispatcherServlet        : Initializing Servlet 'dispatcherServlet'
2023-05-04 10:08:49.610  INFO 10016 --- [http-nio-8080-exec-1] o.s.web.servlet.DispatcherServlet        : Completed initialization in 4 ms
2023-05-04 10:08:52.762  INFO 10016 --- [http-nio-8080-exec-3] o.springdoc.api.AbstractOpenApiResource  : Init duration for springdoc-openapi is: 750 ms
2023-05-04 10:11:20.172 DEBUG 10016 --- [http-nio-8080-exec-9] c.r.movieapp.controller.MovieController  : here u can access all the available movies
2023-05-04 10:11:20.187 DEBUG 10016 --- [http-nio-8080-exec-9] c.r.movieapp.controller.MovieController  : listed the available movies
2023-05-04 10:11:46.816 DEBUG 10016 --- [http-nio-8080-exec-2] c.r.movieapp.controller.MovieController  : here search a movie by its name
2023-05-04 10:11:46.837 DEBUG 10016 --- [http-nio-8080-exec-2] c.r.movieapp.controller.MovieController  : listed the available movies with title:Avatar
2023-05-04 10:13:11.135 DEBUG 10016 --- [http-nio-8080-exec-5] c.r.movieapp.controller.MovieController  : user123 entered to book tickets
2023-05-04 10:13:11.219  INFO 10016 --- [http-nio-8080-exec-5] c.r.movieapp.controller.MovieController  : available tickets 36
2023-05-04 10:13:11.276 DEBUG 10016 --- [http-nio-8080-exec-5] c.r.movieapp.controller.MovieController  : user123 booked 3 tickets
2023-05-04 10:13:11.325  INFO 10016 --- [http-nio-8080-exec-5] o.a.k.clients.producer.ProducerConfig    : ProducerConfig values: 
	acks = -1
	batch.size = 16384
	bootstrap.servers = [localhost:9092]
	buffer.memory = 33554432
	client.dns.lookup = use_all_dns_ips
	client.id = producer-1
	compression.type = none
	connections.max.idle.ms = 540000
	delivery.timeout.ms = 120000
	enable.idempotence = true
	interceptor.classes = []
	key.serializer = class org.apache.kafka.common.serialization.StringSerializer
	linger.ms = 0
	max.block.ms = 60000
	max.in.flight.requests.per.connection = 5
	max.request.size = 1048576
	metadata.max.age.ms = 300000
	metadata.max.idle.ms = 300000
	metric.reporters = []
	metrics.num.samples = 2
	metrics.recording.level = INFO
	metrics.sample.window.ms = 30000
	partitioner.class = class org.apache.kafka.clients.producer.internals.DefaultPartitioner
	receive.buffer.bytes = 32768
	reconnect.backoff.max.ms = 1000
	reconnect.backoff.ms = 50
	request.timeout.ms = 30000
	retries = 2147483647
	retry.backoff.ms = 100
	sasl.client.callback.handler.class = null
	sasl.jaas.config = null
	sasl.kerberos.kinit.cmd = /usr/bin/kinit
	sasl.kerberos.min.time.before.relogin = 60000
	sasl.kerberos.service.name = null
	sasl.kerberos.ticket.renew.jitter = 0.05
	sasl.kerberos.ticket.renew.window.factor = 0.8
	sasl.login.callback.handler.class = null
	sasl.login.class = null
	sasl.login.connect.timeout.ms = null
	sasl.login.read.timeout.ms = null
	sasl.login.refresh.buffer.seconds = 300
	sasl.login.refresh.min.period.seconds = 60
	sasl.login.refresh.window.factor = 0.8
	sasl.login.refresh.window.jitter = 0.05
	sasl.login.retry.backoff.max.ms = 10000
	sasl.login.retry.backoff.ms = 100
	sasl.mechanism = GSSAPI
	sasl.oauthbearer.clock.skew.seconds = 30
	sasl.oauthbearer.expected.audience = null
	sasl.oauthbearer.expected.issuer = null
	sasl.oauthbearer.jwks.endpoint.refresh.ms = 3600000
	sasl.oauthbearer.jwks.endpoint.retry.backoff.max.ms = 10000
	sasl.oauthbearer.jwks.endpoint.retry.backoff.ms = 100
	sasl.oauthbearer.jwks.endpoint.url = null
	sasl.oauthbearer.scope.claim.name = scope
	sasl.oauthbearer.sub.claim.name = sub
	sasl.oauthbearer.token.endpoint.url = null
	security.protocol = PLAINTEXT
	security.providers = null
	send.buffer.bytes = 131072
	socket.connection.setup.timeout.max.ms = 30000
	socket.connection.setup.timeout.ms = 10000
	ssl.cipher.suites = null
	ssl.enabled.protocols = [TLSv1.2, TLSv1.3]
	ssl.endpoint.identification.algorithm = https
	ssl.engine.factory.class = null
	ssl.key.password = null
	ssl.keymanager.algorithm = SunX509
	ssl.keystore.certificate.chain = null
	ssl.keystore.key = null
	ssl.keystore.location = null
	ssl.keystore.password = null
	ssl.keystore.type = JKS
	ssl.protocol = TLSv1.3
	ssl.provider = null
	ssl.secure.random.implementation = null
	ssl.trustmanager.algorithm = PKIX
	ssl.truststore.certificates = null
	ssl.truststore.location = null
	ssl.truststore.password = null
	ssl.truststore.type = JKS
	transaction.timeout.ms = 60000
	transactional.id = null
	value.serializer = class org.springframework.kafka.support.serializer.JsonSerializer

2023-05-04 10:13:11.518  INFO 10016 --- [http-nio-8080-exec-5] o.a.k.clients.producer.KafkaProducer     : [Producer clientId=producer-1] Instantiated an idempotent producer.
2023-05-04 10:13:11.819  INFO 10016 --- [http-nio-8080-exec-5] o.a.kafka.common.utils.AppInfoParser     : Kafka version: 3.1.2
2023-05-04 10:13:11.820  INFO 10016 --- [http-nio-8080-exec-5] o.a.kafka.common.utils.AppInfoParser     : Kafka commitId: f8c67dc3ae0a3265
2023-05-04 10:13:11.821  INFO 10016 --- [http-nio-8080-exec-5] o.a.kafka.common.utils.AppInfoParser     : Kafka startTimeMs: 1683175391819
2023-05-04 10:13:11.868  INFO 10016 --- [kafka-producer-network-thread | producer-1] org.apache.kafka.clients.Metadata        : [Producer clientId=producer-1] Resetting the last seen epoch of partition movieapptopic-0 to 0 since the associated topicId changed from null to 45UYv_XgTPSKqXiBhk7Kjg
2023-05-04 10:13:11.871  INFO 10016 --- [kafka-producer-network-thread | producer-1] org.apache.kafka.clients.Metadata        : [Producer clientId=producer-1] Cluster ID: Dk4ghU34T5uG8bPFbbmzUA
2023-05-04 10:13:12.799  INFO 10016 --- [kafka-producer-network-thread | producer-1] o.a.k.c.p.internals.TransactionManager   : [Producer clientId=producer-1] ProducerId set to 4000 with epoch 0
2023-05-04 10:13:50.806 DEBUG 10016 --- [http-nio-8080-exec-6] c.r.movieapp.controller.MovieController  : forgot password endopoint accessed by user123
2023-05-04 10:13:50.973 DEBUG 10016 --- [http-nio-8080-exec-6] c.r.movieapp.controller.MovieController  : user123 has password changed successfully
2023-05-04 10:14:09.606 ERROR 10016 --- [http-nio-8080-exec-8] c.r.m.security.jwt.AuthEntryPointJwt     : Unauthorized error: Bad credentials
2023-05-04 10:22:42.175  INFO 10016 --- [kafka-producer-network-thread | producer-1] org.apache.kafka.clients.NetworkClient   : [Producer clientId=producer-1] Node -1 disconnected.
2023-05-04 12:53:33.302  INFO 10016 --- [SpringApplicationShutdownHook] o.a.k.clients.producer.KafkaProducer     : [Producer clientId=producer-1] Closing the Kafka producer with timeoutMillis = 30000 ms.
2023-05-04 12:53:33.437  INFO 10016 --- [SpringApplicationShutdownHook] org.apache.kafka.common.metrics.Metrics  : Metrics scheduler closed
2023-05-04 12:53:33.440  INFO 10016 --- [SpringApplicationShutdownHook] org.apache.kafka.common.metrics.Metrics  : Closing reporter org.apache.kafka.common.metrics.JmxReporter
2023-05-04 12:53:33.440  INFO 10016 --- [SpringApplicationShutdownHook] org.apache.kafka.common.metrics.Metrics  : Metrics reporters closed
2023-05-04 12:53:33.444  INFO 10016 --- [SpringApplicationShutdownHook] o.a.kafka.common.utils.AppInfoParser     : App info kafka.producer for producer-1 unregistered
